[08/Dec/2014 22:43:04] INFO [github.processing:154] Making GitHubRequest: rate_limit
[08/Dec/2014 22:43:04] DEBUG [github.processing:157] Checking cache
[08/Dec/2014 22:43:04] DEBUG [github.processing:161] Unknown API Request
[08/Dec/2014 22:43:05] DEBUG [github.processing:194] found new data
[08/Dec/2014 22:43:05] INFO [github.processing:154] Making GitHubRequest: repositories?since=0
[08/Dec/2014 22:43:05] DEBUG [github.processing:157] Checking cache
[08/Dec/2014 22:43:05] DEBUG [github.processing:161] Unknown API Request
[08/Dec/2014 22:43:05] DEBUG [github.processing:181] Saving ETag: "7521b4905b06195c90edf501cdcef530"
[08/Dec/2014 22:43:05] DEBUG [github.processing:194] found new data
[08/Dec/2014 22:43:05] INFO [github.processing:115] Repo Info
[08/Dec/2014 22:44:48] INFO [github.processing:154] Making GitHubRequest: rate_limit
[08/Dec/2014 22:44:48] DEBUG [github.processing:157] Checking cache
[08/Dec/2014 22:44:48] DEBUG [github.processing:161] Unknown API Request
[08/Dec/2014 22:44:49] DEBUG [github.processing:194] found new data
[08/Dec/2014 22:44:49] INFO [github.processing:154] Making GitHubRequest: repositories?since=0
[08/Dec/2014 22:44:49] DEBUG [github.processing:157] Checking cache
[08/Dec/2014 22:44:49] DEBUG [github.processing:159] Using ETag: "7521b4905b06195c90edf501cdcef530"
[08/Dec/2014 22:44:50] DEBUG [github.processing:181] Saving ETag: "7521b4905b06195c90edf501cdcef530"
[08/Dec/2014 22:44:50] DEBUG [github.processing:194] found new data
[08/Dec/2014 22:44:50] INFO [github.processing:50] Getting id: mojombo/grit
[08/Dec/2014 22:44:50] INFO [github.processing:154] Making GitHubRequest: repos/mojombo/grit
[08/Dec/2014 22:44:50] DEBUG [github.processing:157] Checking cache
[08/Dec/2014 22:44:50] DEBUG [github.processing:161] Unknown API Request
[08/Dec/2014 22:44:50] DEBUG [github.processing:181] Saving ETag: "476c8dc0bfe27e6c8ac401f3c8755b93"
[08/Dec/2014 22:44:50] DEBUG [github.processing:194] found new data
[08/Dec/2014 22:44:50] INFO [github.processing:72] pulls url: repos/mojombo/grit/pulls?state=all
[08/Dec/2014 22:44:50] INFO [github.processing:154] Making GitHubRequest: repos/mojombo/grit/pulls?state=all
[08/Dec/2014 22:44:50] DEBUG [github.processing:157] Checking cache
[08/Dec/2014 22:44:50] DEBUG [github.processing:161] Unknown API Request
[08/Dec/2014 22:44:51] DEBUG [github.processing:181] Saving ETag: "2bdf369c471317e2a59cb46c54826058"
[08/Dec/2014 22:44:51] DEBUG [github.processing:194] found new data
[08/Dec/2014 22:44:51] INFO [github.processing:76] importing pull requests
[08/Dec/2014 22:44:51] INFO [github.processing:79] Processing Pull Number 186
[08/Dec/2014 22:44:51] INFO [github.processing:79] Processing Pull Number 183
[08/Dec/2014 22:44:51] INFO [github.processing:79] Processing Pull Number 182
[08/Dec/2014 22:44:51] INFO [github.processing:79] Processing Pull Number 180
[08/Dec/2014 22:44:51] INFO [github.processing:79] Processing Pull Number 179
[08/Dec/2014 22:44:51] INFO [github.processing:79] Processing Pull Number 178
[08/Dec/2014 22:44:51] INFO [github.processing:79] Processing Pull Number 177
[08/Dec/2014 22:44:51] INFO [github.processing:79] Processing Pull Number 175
[08/Dec/2014 22:44:51] INFO [github.processing:79] Processing Pull Number 169
[08/Dec/2014 22:44:51] INFO [github.processing:79] Processing Pull Number 168
[08/Dec/2014 22:44:51] INFO [github.processing:79] Processing Pull Number 167
[08/Dec/2014 22:44:51] INFO [github.processing:79] Processing Pull Number 165
[08/Dec/2014 22:44:51] INFO [github.processing:79] Processing Pull Number 164
[08/Dec/2014 22:44:51] INFO [github.processing:79] Processing Pull Number 162
[08/Dec/2014 22:44:51] INFO [github.processing:79] Processing Pull Number 161
[08/Dec/2014 22:44:51] INFO [github.processing:79] Processing Pull Number 160
[08/Dec/2014 22:44:51] INFO [github.processing:79] Processing Pull Number 159
[08/Dec/2014 22:44:51] INFO [github.processing:79] Processing Pull Number 158
[08/Dec/2014 22:44:51] INFO [github.processing:79] Processing Pull Number 157
[08/Dec/2014 22:44:51] INFO [github.processing:79] Processing Pull Number 156
[08/Dec/2014 22:44:51] INFO [github.processing:79] Processing Pull Number 155
[08/Dec/2014 22:44:51] INFO [github.processing:79] Processing Pull Number 154
[08/Dec/2014 22:44:51] INFO [github.processing:79] Processing Pull Number 152
[08/Dec/2014 22:44:51] INFO [github.processing:79] Processing Pull Number 150
[08/Dec/2014 22:44:51] INFO [github.processing:79] Processing Pull Number 149
[08/Dec/2014 22:44:51] INFO [github.processing:79] Processing Pull Number 147
[08/Dec/2014 22:44:51] INFO [github.processing:79] Processing Pull Number 146
[08/Dec/2014 22:44:51] INFO [github.processing:79] Processing Pull Number 145
[08/Dec/2014 22:44:51] INFO [github.processing:79] Processing Pull Number 144
[08/Dec/2014 22:44:51] INFO [github.processing:79] Processing Pull Number 143
[08/Dec/2014 22:44:51] INFO [github.processing:50] Getting id: wycats/merb-core
[08/Dec/2014 22:44:51] INFO [github.processing:154] Making GitHubRequest: repos/wycats/merb-core
[08/Dec/2014 22:44:51] DEBUG [github.processing:157] Checking cache
[08/Dec/2014 22:44:51] DEBUG [github.processing:161] Unknown API Request
[08/Dec/2014 22:44:52] DEBUG [github.processing:181] Saving ETag: "8f30eefac8b6f9dce1e436ae7a0308cc"
[08/Dec/2014 22:44:52] DEBUG [github.processing:194] found new data
[08/Dec/2014 22:44:52] INFO [github.processing:72] pulls url: repos/wycats/merb-core/pulls?state=all
[08/Dec/2014 22:44:52] INFO [github.processing:154] Making GitHubRequest: repos/wycats/merb-core/pulls?state=all
[08/Dec/2014 22:44:52] DEBUG [github.processing:157] Checking cache
[08/Dec/2014 22:44:52] DEBUG [github.processing:161] Unknown API Request
[08/Dec/2014 22:44:52] DEBUG [github.processing:181] Saving ETag: "98f0c1b396a4e5d54f4d5fe561d54b44"
[08/Dec/2014 22:44:52] DEBUG [github.processing:194] found new data
[08/Dec/2014 22:44:52] INFO [github.processing:76] importing pull requests
[08/Dec/2014 22:44:52] INFO [github.processing:50] Getting id: rubinius/rubinius
[08/Dec/2014 22:44:52] INFO [github.processing:154] Making GitHubRequest: repos/rubinius/rubinius
[08/Dec/2014 22:44:52] DEBUG [github.processing:157] Checking cache
[08/Dec/2014 22:44:52] DEBUG [github.processing:161] Unknown API Request
[08/Dec/2014 22:44:53] DEBUG [github.processing:181] Saving ETag: "c3265780e7d09073ca33af6277761dea"
[08/Dec/2014 22:44:53] DEBUG [github.processing:194] found new data
[08/Dec/2014 22:44:53] INFO [github.processing:72] pulls url: repos/rubinius/rubinius/pulls?state=all
[08/Dec/2014 22:44:53] INFO [github.processing:154] Making GitHubRequest: repos/rubinius/rubinius/pulls?state=all
[08/Dec/2014 22:44:53] DEBUG [github.processing:157] Checking cache
[08/Dec/2014 22:44:53] DEBUG [github.processing:161] Unknown API Request
[08/Dec/2014 22:44:53] DEBUG [github.processing:181] Saving ETag: "072d7be73b1c3467bfdb78ca9b4eb256"
[08/Dec/2014 22:44:53] DEBUG [github.processing:194] found new data
[08/Dec/2014 22:44:53] INFO [github.processing:76] importing pull requests
[08/Dec/2014 22:44:53] INFO [github.processing:79] Processing Pull Number 3229
[08/Dec/2014 22:44:53] INFO [github.processing:79] Processing Pull Number 3215
[08/Dec/2014 22:44:53] INFO [github.processing:79] Processing Pull Number 3214
[08/Dec/2014 22:44:53] INFO [github.processing:79] Processing Pull Number 3209
[08/Dec/2014 22:44:53] INFO [github.processing:79] Processing Pull Number 3203
[08/Dec/2014 22:44:53] INFO [github.processing:79] Processing Pull Number 3200
[08/Dec/2014 22:44:53] INFO [github.processing:79] Processing Pull Number 3199
[08/Dec/2014 22:44:53] INFO [github.processing:79] Processing Pull Number 3198
[08/Dec/2014 22:44:53] INFO [github.processing:79] Processing Pull Number 3196
[08/Dec/2014 22:44:53] INFO [github.processing:79] Processing Pull Number 3195
[08/Dec/2014 22:44:53] INFO [github.processing:79] Processing Pull Number 3194
[08/Dec/2014 22:44:53] INFO [github.processing:79] Processing Pull Number 3193
[08/Dec/2014 22:44:54] INFO [github.processing:79] Processing Pull Number 3192
[08/Dec/2014 22:44:54] INFO [github.processing:79] Processing Pull Number 3191
[08/Dec/2014 22:44:54] INFO [github.processing:79] Processing Pull Number 3190
[08/Dec/2014 22:44:54] INFO [github.processing:79] Processing Pull Number 3188
[08/Dec/2014 22:44:54] INFO [github.processing:79] Processing Pull Number 3187
[08/Dec/2014 22:44:54] INFO [github.processing:79] Processing Pull Number 3186
[08/Dec/2014 22:44:54] INFO [github.processing:79] Processing Pull Number 3185
[08/Dec/2014 22:44:54] INFO [github.processing:79] Processing Pull Number 3183
[08/Dec/2014 22:44:54] INFO [github.processing:79] Processing Pull Number 3182
[08/Dec/2014 22:44:54] INFO [github.processing:79] Processing Pull Number 3178
[08/Dec/2014 22:44:54] INFO [github.processing:79] Processing Pull Number 3175
[08/Dec/2014 22:44:54] INFO [github.processing:79] Processing Pull Number 3167
[08/Dec/2014 22:44:54] INFO [github.processing:79] Processing Pull Number 3161
[08/Dec/2014 22:44:54] INFO [github.processing:79] Processing Pull Number 3158
[08/Dec/2014 22:44:54] INFO [github.processing:79] Processing Pull Number 3157
[08/Dec/2014 22:44:54] INFO [github.processing:79] Processing Pull Number 3154
[08/Dec/2014 22:44:54] INFO [github.processing:79] Processing Pull Number 3150
[08/Dec/2014 22:44:54] INFO [github.processing:79] Processing Pull Number 3144
[08/Dec/2014 22:44:54] INFO [github.processing:50] Getting id: mojombo/god
[08/Dec/2014 22:44:54] INFO [github.processing:154] Making GitHubRequest: repos/mojombo/god
[08/Dec/2014 22:44:54] DEBUG [github.processing:157] Checking cache
[08/Dec/2014 22:44:54] DEBUG [github.processing:161] Unknown API Request
[08/Dec/2014 22:44:54] DEBUG [github.processing:181] Saving ETag: "20769a9a75773b03c80ba6895c81db34"
[08/Dec/2014 22:44:54] DEBUG [github.processing:194] found new data
[08/Dec/2014 22:44:54] INFO [github.processing:72] pulls url: repos/mojombo/god/pulls?state=all
[08/Dec/2014 22:44:54] INFO [github.processing:154] Making GitHubRequest: repos/mojombo/god/pulls?state=all
[08/Dec/2014 22:44:54] DEBUG [github.processing:157] Checking cache
[08/Dec/2014 22:44:54] DEBUG [github.processing:161] Unknown API Request
[08/Dec/2014 22:44:55] DEBUG [github.processing:181] Saving ETag: "12c87a7ff39d0e23cb64b65ed1e97e72"
[08/Dec/2014 22:44:55] DEBUG [github.processing:194] found new data
[08/Dec/2014 22:44:55] INFO [github.processing:76] importing pull requests
[08/Dec/2014 22:44:55] INFO [github.processing:79] Processing Pull Number 202
[08/Dec/2014 22:44:55] INFO [github.processing:79] Processing Pull Number 201
[08/Dec/2014 22:44:55] INFO [github.processing:79] Processing Pull Number 199
[08/Dec/2014 22:44:55] INFO [github.processing:79] Processing Pull Number 196
[08/Dec/2014 22:44:55] INFO [github.processing:79] Processing Pull Number 192
[08/Dec/2014 22:44:55] INFO [github.processing:79] Processing Pull Number 191
[08/Dec/2014 22:44:55] INFO [github.processing:79] Processing Pull Number 179
[08/Dec/2014 22:44:55] INFO [github.processing:79] Processing Pull Number 178
[08/Dec/2014 22:44:55] INFO [github.processing:79] Processing Pull Number 176
[08/Dec/2014 22:44:55] INFO [github.processing:79] Processing Pull Number 174
[08/Dec/2014 22:44:55] INFO [github.processing:79] Processing Pull Number 173
[08/Dec/2014 22:44:55] INFO [github.processing:79] Processing Pull Number 172
[08/Dec/2014 22:44:55] INFO [github.processing:79] Processing Pull Number 171
[08/Dec/2014 22:44:55] INFO [github.processing:79] Processing Pull Number 170
[08/Dec/2014 22:44:55] INFO [github.processing:79] Processing Pull Number 169
[08/Dec/2014 22:44:55] INFO [github.processing:79] Processing Pull Number 168
[08/Dec/2014 22:44:55] INFO [github.processing:79] Processing Pull Number 164
[08/Dec/2014 22:44:55] INFO [github.processing:79] Processing Pull Number 162
[08/Dec/2014 22:44:55] INFO [github.processing:79] Processing Pull Number 160
[08/Dec/2014 22:44:55] INFO [github.processing:79] Processing Pull Number 159
[08/Dec/2014 22:44:55] INFO [github.processing:79] Processing Pull Number 157
[08/Dec/2014 22:44:55] INFO [github.processing:79] Processing Pull Number 153
[08/Dec/2014 22:44:55] INFO [github.processing:79] Processing Pull Number 150
[08/Dec/2014 22:44:55] INFO [github.processing:79] Processing Pull Number 148
[08/Dec/2014 22:44:55] INFO [github.processing:79] Processing Pull Number 146
[08/Dec/2014 22:44:55] INFO [github.processing:79] Processing Pull Number 144
[08/Dec/2014 22:44:55] INFO [github.processing:79] Processing Pull Number 142
[08/Dec/2014 22:44:55] INFO [github.processing:79] Processing Pull Number 141
[08/Dec/2014 22:44:55] INFO [github.processing:79] Processing Pull Number 139
[08/Dec/2014 22:44:55] INFO [github.processing:79] Processing Pull Number 138
[08/Dec/2014 22:44:55] INFO [github.processing:50] Getting id: vanpelt/jsawesome
[08/Dec/2014 22:44:55] INFO [github.processing:154] Making GitHubRequest: repos/vanpelt/jsawesome
[08/Dec/2014 22:44:55] DEBUG [github.processing:157] Checking cache
[08/Dec/2014 22:44:55] DEBUG [github.processing:161] Unknown API Request
[08/Dec/2014 22:44:56] DEBUG [github.processing:181] Saving ETag: "1ec6534ccf7d8cfefa384b690ce55735"
[08/Dec/2014 22:44:56] DEBUG [github.processing:194] found new data
[08/Dec/2014 22:44:56] INFO [github.processing:72] pulls url: repos/vanpelt/jsawesome/pulls?state=all
[08/Dec/2014 22:44:56] INFO [github.processing:154] Making GitHubRequest: repos/vanpelt/jsawesome/pulls?state=all
[08/Dec/2014 22:44:56] DEBUG [github.processing:157] Checking cache
[08/Dec/2014 22:44:56] DEBUG [github.processing:161] Unknown API Request
[08/Dec/2014 22:44:56] DEBUG [github.processing:181] Saving ETag: "98f0c1b396a4e5d54f4d5fe561d54b44"
[08/Dec/2014 22:44:56] DEBUG [github.processing:194] found new data
[08/Dec/2014 22:44:56] INFO [github.processing:76] importing pull requests
[08/Dec/2014 22:44:56] INFO [github.processing:50] Getting id: wycats/jspec
[08/Dec/2014 22:44:56] INFO [github.processing:154] Making GitHubRequest: repos/wycats/jspec
[08/Dec/2014 22:44:56] DEBUG [github.processing:157] Checking cache
[08/Dec/2014 22:44:56] DEBUG [github.processing:161] Unknown API Request
[08/Dec/2014 22:44:56] DEBUG [github.processing:181] Saving ETag: "2bf955995e653344264708b71a362a9e"
[08/Dec/2014 22:44:56] DEBUG [github.processing:194] found new data
[08/Dec/2014 22:44:56] INFO [github.processing:72] pulls url: repos/wycats/jspec/pulls?state=all
[08/Dec/2014 22:44:56] INFO [github.processing:154] Making GitHubRequest: repos/wycats/jspec/pulls?state=all
[08/Dec/2014 22:44:56] DEBUG [github.processing:157] Checking cache
[08/Dec/2014 22:44:56] DEBUG [github.processing:161] Unknown API Request
[08/Dec/2014 22:44:57] DEBUG [github.processing:181] Saving ETag: "98f0c1b396a4e5d54f4d5fe561d54b44"
[08/Dec/2014 22:44:57] DEBUG [github.processing:194] found new data
[08/Dec/2014 22:44:57] INFO [github.processing:76] importing pull requests
[08/Dec/2014 22:44:57] INFO [github.processing:50] Getting id: defunkt/exception_logger
[08/Dec/2014 22:44:57] INFO [github.processing:154] Making GitHubRequest: repos/defunkt/exception_logger
[08/Dec/2014 22:44:57] DEBUG [github.processing:157] Checking cache
[08/Dec/2014 22:44:57] DEBUG [github.processing:161] Unknown API Request
[08/Dec/2014 22:44:57] DEBUG [github.processing:181] Saving ETag: "2cabbf7174b4421b02930310bb7953a9"
[08/Dec/2014 22:44:57] DEBUG [github.processing:194] found new data
[08/Dec/2014 22:44:57] INFO [github.processing:72] pulls url: repos/defunkt/exception_logger/pulls?state=all
[08/Dec/2014 22:44:57] INFO [github.processing:154] Making GitHubRequest: repos/defunkt/exception_logger/pulls?state=all
[08/Dec/2014 22:44:57] DEBUG [github.processing:157] Checking cache
[08/Dec/2014 22:44:57] DEBUG [github.processing:161] Unknown API Request
[08/Dec/2014 22:44:58] DEBUG [github.processing:181] Saving ETag: "98f0c1b396a4e5d54f4d5fe561d54b44"
[08/Dec/2014 22:44:58] DEBUG [github.processing:194] found new data
[08/Dec/2014 22:44:58] INFO [github.processing:76] importing pull requests
[08/Dec/2014 22:44:58] INFO [github.processing:50] Getting id: defunkt/ambition
[08/Dec/2014 22:44:58] INFO [github.processing:154] Making GitHubRequest: repos/defunkt/ambition
[08/Dec/2014 22:44:58] DEBUG [github.processing:157] Checking cache
[08/Dec/2014 22:44:58] DEBUG [github.processing:161] Unknown API Request
[08/Dec/2014 22:44:58] DEBUG [github.processing:181] Saving ETag: "3b5aea62510b0cb76201b31caf2574e6"
[08/Dec/2014 22:44:58] DEBUG [github.processing:194] found new data
[08/Dec/2014 22:44:58] INFO [github.processing:72] pulls url: repos/defunkt/ambition/pulls?state=all
[08/Dec/2014 22:44:58] INFO [github.processing:154] Making GitHubRequest: repos/defunkt/ambition/pulls?state=all
[08/Dec/2014 22:44:58] DEBUG [github.processing:157] Checking cache
[08/Dec/2014 22:44:58] DEBUG [github.processing:161] Unknown API Request
[08/Dec/2014 22:44:59] DEBUG [github.processing:181] Saving ETag: "d7f1a9ef9bbee7efa54d7e816aa90f96"
[08/Dec/2014 22:44:59] DEBUG [github.processing:194] found new data
[08/Dec/2014 22:44:59] INFO [github.processing:76] importing pull requests
[08/Dec/2014 22:44:59] INFO [github.processing:79] Processing Pull Number 2
[08/Dec/2014 22:44:59] INFO [github.processing:79] Processing Pull Number 1
[08/Dec/2014 22:44:59] INFO [github.processing:50] Getting id: technoweenie/restful-authentication
[08/Dec/2014 22:44:59] INFO [github.processing:154] Making GitHubRequest: repos/technoweenie/restful-authentication
[08/Dec/2014 22:44:59] DEBUG [github.processing:157] Checking cache
[08/Dec/2014 22:44:59] DEBUG [github.processing:161] Unknown API Request
[08/Dec/2014 22:44:59] DEBUG [github.processing:181] Saving ETag: "13e8a57ca5186b0f1b5f47c9e6c80385"
[08/Dec/2014 22:44:59] DEBUG [github.processing:194] found new data
[08/Dec/2014 22:44:59] INFO [github.processing:72] pulls url: repos/technoweenie/restful-authentication/pulls?state=all
[08/Dec/2014 22:44:59] INFO [github.processing:154] Making GitHubRequest: repos/technoweenie/restful-authentication/pulls?state=all
[08/Dec/2014 22:44:59] DEBUG [github.processing:157] Checking cache
[08/Dec/2014 22:44:59] DEBUG [github.processing:161] Unknown API Request
[08/Dec/2014 22:45:00] DEBUG [github.processing:181] Saving ETag: "c40bc029f64e8093d36a9367d357fe89"
[08/Dec/2014 22:45:00] DEBUG [github.processing:194] found new data
[08/Dec/2014 22:45:00] INFO [github.processing:76] importing pull requests
[08/Dec/2014 22:45:00] INFO [github.processing:79] Processing Pull Number 30
[08/Dec/2014 22:45:00] INFO [github.processing:79] Processing Pull Number 28
[08/Dec/2014 22:45:00] INFO [github.processing:79] Processing Pull Number 26
[08/Dec/2014 22:45:00] INFO [github.processing:79] Processing Pull Number 23
[08/Dec/2014 22:45:00] INFO [github.processing:79] Processing Pull Number 20
[08/Dec/2014 22:45:00] INFO [github.processing:50] Getting id: technoweenie/attachment_fu
[08/Dec/2014 22:45:00] INFO [github.processing:154] Making GitHubRequest: repos/technoweenie/attachment_fu
[08/Dec/2014 22:45:00] DEBUG [github.processing:157] Checking cache
[08/Dec/2014 22:45:00] DEBUG [github.processing:161] Unknown API Request
[08/Dec/2014 22:45:00] DEBUG [github.processing:181] Saving ETag: "8c63fab8d514ed51a1bf26a9fb14d0f2"
[08/Dec/2014 22:45:00] DEBUG [github.processing:194] found new data
[08/Dec/2014 22:45:00] INFO [github.processing:72] pulls url: repos/technoweenie/attachment_fu/pulls?state=all
[08/Dec/2014 22:45:00] INFO [github.processing:154] Making GitHubRequest: repos/technoweenie/attachment_fu/pulls?state=all
[08/Dec/2014 22:45:00] DEBUG [github.processing:157] Checking cache
[08/Dec/2014 22:45:00] DEBUG [github.processing:161] Unknown API Request
[08/Dec/2014 22:45:01] DEBUG [github.processing:181] Saving ETag: "b9c7262b782b9eca0c3f0d94f6296bae"
[08/Dec/2014 22:45:01] DEBUG [github.processing:194] found new data
[08/Dec/2014 22:45:01] INFO [github.processing:76] importing pull requests
[08/Dec/2014 22:45:01] INFO [github.processing:79] Processing Pull Number 52
[08/Dec/2014 22:45:01] INFO [github.processing:79] Processing Pull Number 51
[08/Dec/2014 22:45:01] INFO [github.processing:79] Processing Pull Number 50
[08/Dec/2014 22:45:01] INFO [github.processing:79] Processing Pull Number 49
[08/Dec/2014 22:45:01] INFO [github.processing:79] Processing Pull Number 47
[08/Dec/2014 22:45:01] INFO [github.processing:79] Processing Pull Number 46
[08/Dec/2014 22:45:01] INFO [github.processing:79] Processing Pull Number 45
[08/Dec/2014 22:45:01] INFO [github.processing:79] Processing Pull Number 43
[08/Dec/2014 22:45:01] INFO [github.processing:79] Processing Pull Number 42
[08/Dec/2014 22:45:01] INFO [github.processing:79] Processing Pull Number 40
[08/Dec/2014 22:45:01] INFO [github.processing:79] Processing Pull Number 38
[08/Dec/2014 22:45:01] INFO [github.processing:79] Processing Pull Number 37
[08/Dec/2014 22:45:01] INFO [github.processing:79] Processing Pull Number 36
[08/Dec/2014 22:45:01] INFO [github.processing:79] Processing Pull Number 35
[08/Dec/2014 22:45:01] INFO [github.processing:79] Processing Pull Number 30
[08/Dec/2014 22:45:01] INFO [github.processing:79] Processing Pull Number 26
[08/Dec/2014 22:45:01] INFO [github.processing:50] Getting id: topfunky/bong
[08/Dec/2014 22:45:01] INFO [github.processing:154] Making GitHubRequest: repos/topfunky/bong
[08/Dec/2014 22:45:01] DEBUG [github.processing:157] Checking cache
[08/Dec/2014 22:45:01] DEBUG [github.processing:161] Unknown API Request
[08/Dec/2014 22:45:01] DEBUG [github.processing:181] Saving ETag: "dfa3e7d08512347c69a14fb1cc680859"
[08/Dec/2014 22:45:01] DEBUG [github.processing:194] found new data
[08/Dec/2014 22:45:01] INFO [github.processing:72] pulls url: repos/topfunky/bong/pulls?state=all
[08/Dec/2014 22:45:01] INFO [github.processing:154] Making GitHubRequest: repos/topfunky/bong/pulls?state=all
[08/Dec/2014 22:45:01] DEBUG [github.processing:157] Checking cache
[08/Dec/2014 22:45:01] DEBUG [github.processing:161] Unknown API Request
[08/Dec/2014 22:45:02] DEBUG [github.processing:181] Saving ETag: "3b0a7b4b42a741fcc071f84f825df6e7"
[08/Dec/2014 22:45:02] DEBUG [github.processing:194] found new data
[08/Dec/2014 22:45:02] INFO [github.processing:76] importing pull requests
[08/Dec/2014 22:45:02] INFO [github.processing:79] Processing Pull Number 2
[08/Dec/2014 22:45:02] INFO [github.processing:50] Getting id: Caged/microsis
[08/Dec/2014 22:45:02] INFO [github.processing:154] Making GitHubRequest: repos/Caged/microsis
[08/Dec/2014 22:45:02] DEBUG [github.processing:157] Checking cache
[08/Dec/2014 22:45:02] DEBUG [github.processing:161] Unknown API Request
[08/Dec/2014 22:45:02] DEBUG [github.processing:181] Saving ETag: "9ffd099948c75839127fdca91a5f0652"
[08/Dec/2014 22:45:02] DEBUG [github.processing:194] found new data
[08/Dec/2014 22:45:02] INFO [github.processing:72] pulls url: repos/Caged/microsis/pulls?state=all
[08/Dec/2014 22:45:02] INFO [github.processing:154] Making GitHubRequest: repos/Caged/microsis/pulls?state=all
[08/Dec/2014 22:45:02] DEBUG [github.processing:157] Checking cache
[08/Dec/2014 22:45:02] DEBUG [github.processing:161] Unknown API Request
[08/Dec/2014 22:45:03] DEBUG [github.processing:181] Saving ETag: "98f0c1b396a4e5d54f4d5fe561d54b44"
[08/Dec/2014 22:45:03] DEBUG [github.processing:194] found new data
[08/Dec/2014 22:45:03] INFO [github.processing:76] importing pull requests
[08/Dec/2014 22:45:03] INFO [github.processing:50] Getting id: anotherjesse/s3
[08/Dec/2014 22:45:03] INFO [github.processing:154] Making GitHubRequest: repos/anotherjesse/s3
[08/Dec/2014 22:45:03] DEBUG [github.processing:157] Checking cache
[08/Dec/2014 22:45:03] DEBUG [github.processing:161] Unknown API Request
[08/Dec/2014 22:45:03] DEBUG [github.processing:181] Saving ETag: "367a3b8367aefaabd16fbbf71a20ad6b"
[08/Dec/2014 22:45:03] DEBUG [github.processing:194] found new data
[08/Dec/2014 22:45:03] INFO [github.processing:72] pulls url: repos/anotherjesse/s3/pulls?state=all
[08/Dec/2014 22:45:03] INFO [github.processing:154] Making GitHubRequest: repos/anotherjesse/s3/pulls?state=all
[08/Dec/2014 22:45:03] DEBUG [github.processing:157] Checking cache
[08/Dec/2014 22:45:03] DEBUG [github.processing:161] Unknown API Request
[08/Dec/2014 22:45:04] DEBUG [github.processing:181] Saving ETag: "03f77c4a10bd678f0f2c190532be2792"
[08/Dec/2014 22:45:04] DEBUG [github.processing:194] found new data
[08/Dec/2014 22:45:04] INFO [github.processing:76] importing pull requests
[08/Dec/2014 22:45:04] INFO [github.processing:79] Processing Pull Number 2
[08/Dec/2014 22:45:04] INFO [github.processing:79] Processing Pull Number 1
[08/Dec/2014 22:45:04] INFO [github.processing:50] Getting id: anotherjesse/taboo
[08/Dec/2014 22:45:04] INFO [github.processing:154] Making GitHubRequest: repos/anotherjesse/taboo
[08/Dec/2014 22:45:04] DEBUG [github.processing:157] Checking cache
[08/Dec/2014 22:45:04] DEBUG [github.processing:161] Unknown API Request
[08/Dec/2014 22:45:04] DEBUG [github.processing:181] Saving ETag: "cdf1385f960b179867e6dfcbb71f9de2"
[08/Dec/2014 22:45:04] DEBUG [github.processing:194] found new data
[08/Dec/2014 22:45:04] INFO [github.processing:72] pulls url: repos/anotherjesse/taboo/pulls?state=all
[08/Dec/2014 22:45:04] INFO [github.processing:154] Making GitHubRequest: repos/anotherjesse/taboo/pulls?state=all
[08/Dec/2014 22:45:04] DEBUG [github.processing:157] Checking cache
[08/Dec/2014 22:45:04] DEBUG [github.processing:161] Unknown API Request
[08/Dec/2014 22:45:05] DEBUG [github.processing:181] Saving ETag: "eadb0bf35fa37a1315f5db98c1a71183"
[08/Dec/2014 22:45:05] DEBUG [github.processing:194] found new data
[08/Dec/2014 22:45:05] INFO [github.processing:76] importing pull requests
[08/Dec/2014 22:45:05] INFO [github.processing:79] Processing Pull Number 1
[08/Dec/2014 22:45:05] INFO [github.processing:50] Getting id: anotherjesse/foxtracs
[08/Dec/2014 22:45:05] INFO [github.processing:154] Making GitHubRequest: repos/anotherjesse/foxtracs
[08/Dec/2014 22:45:05] DEBUG [github.processing:157] Checking cache
[08/Dec/2014 22:45:05] DEBUG [github.processing:161] Unknown API Request
[08/Dec/2014 22:45:05] DEBUG [github.processing:181] Saving ETag: "c2fdde1b5e13324a2834994496593f50"
[08/Dec/2014 22:45:05] DEBUG [github.processing:194] found new data
[08/Dec/2014 22:45:05] INFO [github.processing:72] pulls url: repos/anotherjesse/foxtracs/pulls?state=all
[08/Dec/2014 22:45:05] INFO [github.processing:154] Making GitHubRequest: repos/anotherjesse/foxtracs/pulls?state=all
[08/Dec/2014 22:45:05] DEBUG [github.processing:157] Checking cache
[08/Dec/2014 22:45:05] DEBUG [github.processing:161] Unknown API Request
[08/Dec/2014 22:45:06] DEBUG [github.processing:181] Saving ETag: "edca84745f1acac0218caffddf31d11e"
[08/Dec/2014 22:45:06] DEBUG [github.processing:194] found new data
[08/Dec/2014 22:45:06] INFO [github.processing:76] importing pull requests
[08/Dec/2014 22:45:06] INFO [github.processing:79] Processing Pull Number 2
[08/Dec/2014 22:45:06] INFO [github.processing:79] Processing Pull Number 1
[08/Dec/2014 22:45:06] INFO [github.processing:50] Getting id: anotherjesse/fotomatic
[08/Dec/2014 22:45:06] INFO [github.processing:154] Making GitHubRequest: repos/anotherjesse/fotomatic
[08/Dec/2014 22:45:06] DEBUG [github.processing:157] Checking cache
[08/Dec/2014 22:45:06] DEBUG [github.processing:161] Unknown API Request
[08/Dec/2014 22:45:06] DEBUG [github.processing:181] Saving ETag: "e26770d6678582fb0e3ad852424672e5"
[08/Dec/2014 22:45:06] DEBUG [github.processing:194] found new data
[08/Dec/2014 22:45:06] INFO [github.processing:72] pulls url: repos/anotherjesse/fotomatic/pulls?state=all
[08/Dec/2014 22:45:06] INFO [github.processing:154] Making GitHubRequest: repos/anotherjesse/fotomatic/pulls?state=all
[08/Dec/2014 22:45:06] DEBUG [github.processing:157] Checking cache
[08/Dec/2014 22:45:06] DEBUG [github.processing:161] Unknown API Request
[08/Dec/2014 22:45:07] DEBUG [github.processing:181] Saving ETag: "98f0c1b396a4e5d54f4d5fe561d54b44"
[08/Dec/2014 22:45:07] DEBUG [github.processing:194] found new data
[08/Dec/2014 22:45:07] INFO [github.processing:76] importing pull requests
[08/Dec/2014 22:45:07] INFO [github.processing:50] Getting id: mojombo/glowstick
[08/Dec/2014 22:45:07] INFO [github.processing:154] Making GitHubRequest: repos/mojombo/glowstick
[08/Dec/2014 22:45:07] DEBUG [github.processing:157] Checking cache
[08/Dec/2014 22:45:07] DEBUG [github.processing:161] Unknown API Request
[08/Dec/2014 22:45:07] DEBUG [github.processing:181] Saving ETag: "b4fe8a5e5b826f1cb18a155e711acc3e"
[08/Dec/2014 22:45:07] DEBUG [github.processing:194] found new data
[08/Dec/2014 22:45:07] INFO [github.processing:72] pulls url: repos/mojombo/glowstick/pulls?state=all
[08/Dec/2014 22:45:07] INFO [github.processing:154] Making GitHubRequest: repos/mojombo/glowstick/pulls?state=all
[08/Dec/2014 22:45:07] DEBUG [github.processing:157] Checking cache
[08/Dec/2014 22:45:07] DEBUG [github.processing:161] Unknown API Request
[08/Dec/2014 22:45:07] DEBUG [github.processing:181] Saving ETag: "98f0c1b396a4e5d54f4d5fe561d54b44"
[08/Dec/2014 22:45:07] DEBUG [github.processing:194] found new data
[08/Dec/2014 22:45:07] INFO [github.processing:76] importing pull requests
[08/Dec/2014 22:45:07] INFO [github.processing:50] Getting id: defunkt/starling
[08/Dec/2014 22:45:07] INFO [github.processing:154] Making GitHubRequest: repos/defunkt/starling
[08/Dec/2014 22:45:07] DEBUG [github.processing:157] Checking cache
[08/Dec/2014 22:45:07] DEBUG [github.processing:161] Unknown API Request
[08/Dec/2014 22:45:08] DEBUG [github.processing:181] Saving ETag: "adb5232784836aa321cedade1a344978"
[08/Dec/2014 22:45:08] DEBUG [github.processing:194] found new data
[08/Dec/2014 22:45:08] INFO [github.processing:72] pulls url: repos/defunkt/starling/pulls?state=all
[08/Dec/2014 22:45:08] INFO [github.processing:154] Making GitHubRequest: repos/defunkt/starling/pulls?state=all
[08/Dec/2014 22:45:08] DEBUG [github.processing:157] Checking cache
[08/Dec/2014 22:45:08] DEBUG [github.processing:161] Unknown API Request
[08/Dec/2014 22:45:08] DEBUG [github.processing:181] Saving ETag: "98f0c1b396a4e5d54f4d5fe561d54b44"
[08/Dec/2014 22:45:08] DEBUG [github.processing:194] found new data
[08/Dec/2014 22:45:08] INFO [github.processing:76] importing pull requests
[08/Dec/2014 22:45:08] INFO [github.processing:50] Getting id: wycats/merb-more
[08/Dec/2014 22:45:08] INFO [github.processing:154] Making GitHubRequest: repos/wycats/merb-more
[08/Dec/2014 22:45:08] DEBUG [github.processing:157] Checking cache
[08/Dec/2014 22:45:08] DEBUG [github.processing:161] Unknown API Request
[08/Dec/2014 22:45:09] DEBUG [github.processing:181] Saving ETag: "2cd2813fd551da108e71955983f2cefa"
[08/Dec/2014 22:45:09] DEBUG [github.processing:194] found new data
[08/Dec/2014 22:45:09] INFO [github.processing:72] pulls url: repos/wycats/merb-more/pulls?state=all
[08/Dec/2014 22:45:09] INFO [github.processing:154] Making GitHubRequest: repos/wycats/merb-more/pulls?state=all
[08/Dec/2014 22:45:09] DEBUG [github.processing:157] Checking cache
[08/Dec/2014 22:45:09] DEBUG [github.processing:161] Unknown API Request
[08/Dec/2014 22:45:09] DEBUG [github.processing:181] Saving ETag: "98f0c1b396a4e5d54f4d5fe561d54b44"
[08/Dec/2014 22:45:09] DEBUG [github.processing:194] found new data
[08/Dec/2014 22:45:09] INFO [github.processing:76] importing pull requests
[08/Dec/2014 22:45:09] INFO [github.processing:50] Getting id: macournoyer/thin
[08/Dec/2014 22:45:09] INFO [github.processing:154] Making GitHubRequest: repos/macournoyer/thin
[08/Dec/2014 22:45:09] DEBUG [github.processing:157] Checking cache
[08/Dec/2014 22:45:09] DEBUG [github.processing:161] Unknown API Request
[08/Dec/2014 22:45:10] DEBUG [github.processing:181] Saving ETag: "b44ba9db129ba78e9cde2c3d9b4fb786"
[08/Dec/2014 22:45:10] DEBUG [github.processing:194] found new data
[08/Dec/2014 22:45:10] INFO [github.processing:72] pulls url: repos/macournoyer/thin/pulls?state=all
[08/Dec/2014 22:45:10] INFO [github.processing:154] Making GitHubRequest: repos/macournoyer/thin/pulls?state=all
[08/Dec/2014 22:45:10] DEBUG [github.processing:157] Checking cache
[08/Dec/2014 22:45:10] DEBUG [github.processing:161] Unknown API Request
[08/Dec/2014 22:45:11] DEBUG [github.processing:181] Saving ETag: "7b5a8adbe9a100427f7b757ba8a5b915"
[08/Dec/2014 22:45:11] DEBUG [github.processing:194] found new data
[08/Dec/2014 22:45:11] INFO [github.processing:76] importing pull requests
[08/Dec/2014 22:45:11] INFO [github.processing:79] Processing Pull Number 249
[08/Dec/2014 22:45:11] INFO [github.processing:79] Processing Pull Number 245
[08/Dec/2014 22:45:11] INFO [github.processing:79] Processing Pull Number 238
[08/Dec/2014 22:45:11] INFO [github.processing:79] Processing Pull Number 237
[08/Dec/2014 22:45:11] INFO [github.processing:79] Processing Pull Number 236
[08/Dec/2014 22:45:11] INFO [github.processing:79] Processing Pull Number 227
[08/Dec/2014 22:45:11] INFO [github.processing:79] Processing Pull Number 225
[08/Dec/2014 22:45:11] INFO [github.processing:79] Processing Pull Number 224
[08/Dec/2014 22:45:11] INFO [github.processing:79] Processing Pull Number 219
[08/Dec/2014 22:45:11] INFO [github.processing:79] Processing Pull Number 213
[08/Dec/2014 22:45:11] INFO [github.processing:79] Processing Pull Number 209
[08/Dec/2014 22:45:11] INFO [github.processing:79] Processing Pull Number 203
[08/Dec/2014 22:45:11] INFO [github.processing:79] Processing Pull Number 199
[08/Dec/2014 22:45:11] INFO [github.processing:79] Processing Pull Number 194
[08/Dec/2014 22:45:11] INFO [github.processing:79] Processing Pull Number 191
[08/Dec/2014 22:45:11] INFO [github.processing:79] Processing Pull Number 184
[08/Dec/2014 22:45:11] INFO [github.processing:79] Processing Pull Number 176
[08/Dec/2014 22:45:11] INFO [github.processing:79] Processing Pull Number 173
[08/Dec/2014 22:45:11] INFO [github.processing:79] Processing Pull Number 171
[08/Dec/2014 22:45:11] INFO [github.processing:79] Processing Pull Number 170
[08/Dec/2014 22:45:11] INFO [github.processing:79] Processing Pull Number 167
[08/Dec/2014 22:45:11] INFO [github.processing:79] Processing Pull Number 166
[08/Dec/2014 22:45:11] INFO [github.processing:79] Processing Pull Number 164
[08/Dec/2014 22:45:11] INFO [github.processing:79] Processing Pull Number 160
[08/Dec/2014 22:45:11] INFO [github.processing:79] Processing Pull Number 159
[08/Dec/2014 22:45:11] INFO [github.processing:79] Processing Pull Number 158
[08/Dec/2014 22:45:11] INFO [github.processing:79] Processing Pull Number 155
[08/Dec/2014 22:45:11] INFO [github.processing:79] Processing Pull Number 153
[08/Dec/2014 22:45:11] INFO [github.processing:79] Processing Pull Number 149
[08/Dec/2014 22:45:11] INFO [github.processing:79] Processing Pull Number 148
[08/Dec/2014 22:45:11] INFO [github.processing:50] Getting id: jamesgolick/resource_controller
[08/Dec/2014 22:45:11] INFO [github.processing:154] Making GitHubRequest: repos/jamesgolick/resource_controller
[08/Dec/2014 22:45:11] DEBUG [github.processing:157] Checking cache
[08/Dec/2014 22:45:11] DEBUG [github.processing:161] Unknown API Request
[08/Dec/2014 22:45:11] DEBUG [github.processing:181] Saving ETag: "e824721e2ab85131855920a55dd3a1d4"
[08/Dec/2014 22:45:11] DEBUG [github.processing:194] found new data
[08/Dec/2014 22:45:11] INFO [github.processing:72] pulls url: repos/jamesgolick/resource_controller/pulls?state=all
[08/Dec/2014 22:45:11] INFO [github.processing:154] Making GitHubRequest: repos/jamesgolick/resource_controller/pulls?state=all
[08/Dec/2014 22:45:11] DEBUG [github.processing:157] Checking cache
[08/Dec/2014 22:45:11] DEBUG [github.processing:161] Unknown API Request
[08/Dec/2014 22:45:12] DEBUG [github.processing:181] Saving ETag: "a15efb5957e62989a2fed34d83f40ceb"
[08/Dec/2014 22:45:12] DEBUG [github.processing:194] found new data
[08/Dec/2014 22:45:12] INFO [github.processing:76] importing pull requests
[08/Dec/2014 22:45:12] INFO [github.processing:79] Processing Pull Number 12
[08/Dec/2014 22:45:12] INFO [github.processing:79] Processing Pull Number 11
[08/Dec/2014 22:45:12] INFO [github.processing:79] Processing Pull Number 10
[08/Dec/2014 22:45:12] INFO [github.processing:50] Getting id: jamesgolick/markaby
[08/Dec/2014 22:45:12] INFO [github.processing:154] Making GitHubRequest: repos/jamesgolick/markaby
[08/Dec/2014 22:45:12] DEBUG [github.processing:157] Checking cache
[08/Dec/2014 22:45:12] DEBUG [github.processing:161] Unknown API Request
[08/Dec/2014 22:45:12] DEBUG [github.processing:181] Saving ETag: "edfa5282a57ea244d1aee26933a74c30"
[08/Dec/2014 22:45:12] DEBUG [github.processing:194] found new data
[08/Dec/2014 22:45:12] INFO [github.processing:72] pulls url: repos/jamesgolick/markaby/pulls?state=all
[08/Dec/2014 22:45:12] INFO [github.processing:154] Making GitHubRequest: repos/jamesgolick/markaby/pulls?state=all
[08/Dec/2014 22:45:12] DEBUG [github.processing:157] Checking cache
[08/Dec/2014 22:45:12] DEBUG [github.processing:161] Unknown API Request
[08/Dec/2014 22:45:13] DEBUG [github.processing:181] Saving ETag: "98f0c1b396a4e5d54f4d5fe561d54b44"
[08/Dec/2014 22:45:13] DEBUG [github.processing:194] found new data
[08/Dec/2014 22:45:13] INFO [github.processing:76] importing pull requests
[08/Dec/2014 22:45:13] INFO [github.processing:50] Getting id: jamesgolick/enum_field
[08/Dec/2014 22:45:13] INFO [github.processing:154] Making GitHubRequest: repos/jamesgolick/enum_field
[08/Dec/2014 22:45:13] DEBUG [github.processing:157] Checking cache
[08/Dec/2014 22:45:13] DEBUG [github.processing:161] Unknown API Request
[08/Dec/2014 22:45:13] DEBUG [github.processing:181] Saving ETag: "f0b6b9b49472068543e733473d152419"
[08/Dec/2014 22:45:13] DEBUG [github.processing:194] found new data
[08/Dec/2014 22:45:13] INFO [github.processing:72] pulls url: repos/jamesgolick/enum_field/pulls?state=all
[08/Dec/2014 22:45:13] INFO [github.processing:154] Making GitHubRequest: repos/jamesgolick/enum_field/pulls?state=all
[08/Dec/2014 22:45:13] DEBUG [github.processing:157] Checking cache
[08/Dec/2014 22:45:13] DEBUG [github.processing:161] Unknown API Request
[08/Dec/2014 22:45:14] DEBUG [github.processing:181] Saving ETag: "59380f2e5ac164a84438cbd3589066df"
[08/Dec/2014 22:45:14] DEBUG [github.processing:194] found new data
[08/Dec/2014 22:45:14] INFO [github.processing:76] importing pull requests
[08/Dec/2014 22:45:14] INFO [github.processing:79] Processing Pull Number 3
[08/Dec/2014 22:45:14] INFO [github.processing:50] Getting id: defunkt/subtlety
[08/Dec/2014 22:45:14] INFO [github.processing:154] Making GitHubRequest: repos/defunkt/subtlety
[08/Dec/2014 22:45:14] DEBUG [github.processing:157] Checking cache
[08/Dec/2014 22:45:14] DEBUG [github.processing:161] Unknown API Request
[08/Dec/2014 22:45:14] DEBUG [github.processing:181] Saving ETag: "451b7f2468edf4826bdc7f69cd635f2b"
[08/Dec/2014 22:45:14] DEBUG [github.processing:194] found new data
[08/Dec/2014 22:45:14] INFO [github.processing:72] pulls url: repos/defunkt/subtlety/pulls?state=all
[08/Dec/2014 22:45:14] INFO [github.processing:154] Making GitHubRequest: repos/defunkt/subtlety/pulls?state=all
[08/Dec/2014 22:45:14] DEBUG [github.processing:157] Checking cache
[08/Dec/2014 22:45:14] DEBUG [github.processing:161] Unknown API Request
[08/Dec/2014 22:45:15] DEBUG [github.processing:181] Saving ETag: "98f0c1b396a4e5d54f4d5fe561d54b44"
[08/Dec/2014 22:45:15] DEBUG [github.processing:194] found new data
[08/Dec/2014 22:45:15] INFO [github.processing:76] importing pull requests
[08/Dec/2014 22:45:15] INFO [github.processing:50] Getting id: defunkt/zippy
[08/Dec/2014 22:45:15] INFO [github.processing:154] Making GitHubRequest: repos/defunkt/zippy
[08/Dec/2014 22:45:15] DEBUG [github.processing:157] Checking cache
[08/Dec/2014 22:45:15] DEBUG [github.processing:161] Unknown API Request
[08/Dec/2014 22:45:15] DEBUG [github.processing:181] Saving ETag: "4bc9419aa641acc4acaee0239fcd59c6"
[08/Dec/2014 22:45:15] DEBUG [github.processing:194] found new data
[08/Dec/2014 22:45:15] INFO [github.processing:72] pulls url: repos/defunkt/zippy/pulls?state=all
[08/Dec/2014 22:45:15] INFO [github.processing:154] Making GitHubRequest: repos/defunkt/zippy/pulls?state=all
[08/Dec/2014 22:45:15] DEBUG [github.processing:157] Checking cache
[08/Dec/2014 22:45:15] DEBUG [github.processing:161] Unknown API Request
[08/Dec/2014 22:45:15] DEBUG [github.processing:181] Saving ETag: "98f0c1b396a4e5d54f4d5fe561d54b44"
[08/Dec/2014 22:45:15] DEBUG [github.processing:194] found new data
[08/Dec/2014 22:45:15] INFO [github.processing:76] importing pull requests
[08/Dec/2014 22:45:15] INFO [github.processing:50] Getting id: defunkt/cache_fu
[08/Dec/2014 22:45:15] INFO [github.processing:154] Making GitHubRequest: repos/defunkt/cache_fu
[08/Dec/2014 22:45:15] DEBUG [github.processing:157] Checking cache
[08/Dec/2014 22:45:15] DEBUG [github.processing:161] Unknown API Request
[08/Dec/2014 22:45:16] DEBUG [github.processing:181] Saving ETag: "8f9c376c336fe11131dd205ce6531cf8"
[08/Dec/2014 22:45:16] DEBUG [github.processing:194] found new data
[08/Dec/2014 22:45:16] INFO [github.processing:72] pulls url: repos/defunkt/cache_fu/pulls?state=all
[08/Dec/2014 22:45:16] INFO [github.processing:154] Making GitHubRequest: repos/defunkt/cache_fu/pulls?state=all
[08/Dec/2014 22:45:16] DEBUG [github.processing:157] Checking cache
[08/Dec/2014 22:45:16] DEBUG [github.processing:161] Unknown API Request
[08/Dec/2014 22:45:16] DEBUG [github.processing:181] Saving ETag: "98f0c1b396a4e5d54f4d5fe561d54b44"
[08/Dec/2014 22:45:16] DEBUG [github.processing:194] found new data
[08/Dec/2014 22:45:16] INFO [github.processing:76] importing pull requests
[08/Dec/2014 22:45:16] INFO [github.processing:50] Getting id: KirinDave/phosphor
[08/Dec/2014 22:45:16] INFO [github.processing:154] Making GitHubRequest: repos/KirinDave/phosphor
[08/Dec/2014 22:45:16] DEBUG [github.processing:157] Checking cache
[08/Dec/2014 22:45:16] DEBUG [github.processing:161] Unknown API Request
[08/Dec/2014 22:45:17] DEBUG [github.processing:181] Saving ETag: "6abd7ac0f90cca41706d284b8dfc24d3"
[08/Dec/2014 22:45:17] DEBUG [github.processing:194] found new data
[08/Dec/2014 22:45:17] INFO [github.processing:72] pulls url: repos/KirinDave/phosphor/pulls?state=all
[08/Dec/2014 22:45:17] INFO [github.processing:154] Making GitHubRequest: repos/KirinDave/phosphor/pulls?state=all
[08/Dec/2014 22:45:17] DEBUG [github.processing:157] Checking cache
[08/Dec/2014 22:45:17] DEBUG [github.processing:161] Unknown API Request
[08/Dec/2014 22:45:17] DEBUG [github.processing:181] Saving ETag: "98f0c1b396a4e5d54f4d5fe561d54b44"
[08/Dec/2014 22:45:17] DEBUG [github.processing:194] found new data
[08/Dec/2014 22:45:17] INFO [github.processing:76] importing pull requests
[08/Dec/2014 22:45:17] INFO [github.processing:50] Getting id: bmizerany/sinatra
[08/Dec/2014 22:45:17] INFO [github.processing:154] Making GitHubRequest: repos/bmizerany/sinatra
[08/Dec/2014 22:45:17] DEBUG [github.processing:157] Checking cache
[08/Dec/2014 22:45:17] DEBUG [github.processing:161] Unknown API Request
[08/Dec/2014 22:45:18] DEBUG [github.processing:181] Saving ETag: "96ab83f1dae4c2949f929133207c369b"
[08/Dec/2014 22:45:18] DEBUG [github.processing:194] found new data
[08/Dec/2014 22:45:18] INFO [github.processing:72] pulls url: repos/bmizerany/sinatra/pulls?state=all
[08/Dec/2014 22:45:18] INFO [github.processing:154] Making GitHubRequest: repos/bmizerany/sinatra/pulls?state=all
[08/Dec/2014 22:45:18] DEBUG [github.processing:157] Checking cache
[08/Dec/2014 22:45:18] DEBUG [github.processing:161] Unknown API Request
[08/Dec/2014 22:45:18] DEBUG [github.processing:181] Saving ETag: "4b4780dad331bf7f503210a82daf88dc"
[08/Dec/2014 22:45:18] DEBUG [github.processing:194] found new data
[08/Dec/2014 22:45:18] INFO [github.processing:76] importing pull requests
[08/Dec/2014 22:45:18] INFO [github.processing:79] Processing Pull Number 7
[08/Dec/2014 22:45:18] INFO [github.processing:79] Processing Pull Number 6
[08/Dec/2014 22:45:18] INFO [github.processing:79] Processing Pull Number 5
[08/Dec/2014 22:45:18] INFO [github.processing:79] Processing Pull Number 3
[08/Dec/2014 22:45:18] INFO [github.processing:50] Getting id: jnewland/gsa-prototype
[08/Dec/2014 22:45:18] INFO [github.processing:154] Making GitHubRequest: repos/jnewland/gsa-prototype
[08/Dec/2014 22:45:18] DEBUG [github.processing:157] Checking cache
[08/Dec/2014 22:45:18] DEBUG [github.processing:161] Unknown API Request
[08/Dec/2014 22:45:19] DEBUG [github.processing:181] Saving ETag: "5cecf49881c9e0c7de1d9b47f50c1681"
[08/Dec/2014 22:45:19] DEBUG [github.processing:194] found new data
[08/Dec/2014 22:45:19] INFO [github.processing:72] pulls url: repos/jnewland/gsa-prototype/pulls?state=all
[08/Dec/2014 22:45:19] INFO [github.processing:154] Making GitHubRequest: repos/jnewland/gsa-prototype/pulls?state=all
[08/Dec/2014 22:45:19] DEBUG [github.processing:157] Checking cache
[08/Dec/2014 22:45:19] DEBUG [github.processing:161] Unknown API Request
[08/Dec/2014 22:45:19] DEBUG [github.processing:181] Saving ETag: "98f0c1b396a4e5d54f4d5fe561d54b44"
[08/Dec/2014 22:45:19] DEBUG [github.processing:194] found new data
[08/Dec/2014 22:45:19] INFO [github.processing:76] importing pull requests
[08/Dec/2014 22:45:19] INFO [github.processing:50] Getting id: technoweenie/duplikate
[08/Dec/2014 22:45:19] INFO [github.processing:154] Making GitHubRequest: repos/technoweenie/duplikate
[08/Dec/2014 22:45:19] DEBUG [github.processing:157] Checking cache
[08/Dec/2014 22:45:19] DEBUG [github.processing:161] Unknown API Request
[08/Dec/2014 22:45:19] DEBUG [github.processing:181] Saving ETag: "e48359fcb0ac0bc12cf11422f8f32dd6"
[08/Dec/2014 22:45:19] DEBUG [github.processing:194] found new data
[08/Dec/2014 22:45:19] INFO [github.processing:72] pulls url: repos/technoweenie/duplikate/pulls?state=all
[08/Dec/2014 22:45:19] INFO [github.processing:154] Making GitHubRequest: repos/technoweenie/duplikate/pulls?state=all
[08/Dec/2014 22:45:19] DEBUG [github.processing:157] Checking cache
[08/Dec/2014 22:45:19] DEBUG [github.processing:161] Unknown API Request
[08/Dec/2014 22:45:20] DEBUG [github.processing:181] Saving ETag: "98f0c1b396a4e5d54f4d5fe561d54b44"
[08/Dec/2014 22:45:20] DEBUG [github.processing:194] found new data
[08/Dec/2014 22:45:20] INFO [github.processing:76] importing pull requests
[08/Dec/2014 22:45:20] INFO [github.processing:50] Getting id: jnewland/lazy_record
[08/Dec/2014 22:45:20] INFO [github.processing:154] Making GitHubRequest: repos/jnewland/lazy_record
[08/Dec/2014 22:45:20] DEBUG [github.processing:157] Checking cache
[08/Dec/2014 22:45:20] DEBUG [github.processing:161] Unknown API Request
[08/Dec/2014 22:45:20] DEBUG [github.processing:181] Saving ETag: "5f827e4e37e4129fe66f9160c034bff0"
[08/Dec/2014 22:45:20] DEBUG [github.processing:194] found new data
[08/Dec/2014 22:45:20] INFO [github.processing:72] pulls url: repos/jnewland/lazy_record/pulls?state=all
[08/Dec/2014 22:45:20] INFO [github.processing:154] Making GitHubRequest: repos/jnewland/lazy_record/pulls?state=all
[08/Dec/2014 22:45:20] DEBUG [github.processing:157] Checking cache
[08/Dec/2014 22:45:20] DEBUG [github.processing:161] Unknown API Request
[08/Dec/2014 22:45:21] DEBUG [github.processing:181] Saving ETag: "98f0c1b396a4e5d54f4d5fe561d54b44"
[08/Dec/2014 22:45:21] DEBUG [github.processing:194] found new data
[08/Dec/2014 22:45:21] INFO [github.processing:76] importing pull requests
[08/Dec/2014 22:45:21] INFO [github.processing:50] Getting id: jnewland/gsa-feeds
[08/Dec/2014 22:45:21] INFO [github.processing:154] Making GitHubRequest: repos/jnewland/gsa-feeds
[08/Dec/2014 22:45:21] DEBUG [github.processing:157] Checking cache
[08/Dec/2014 22:45:21] DEBUG [github.processing:161] Unknown API Request
[08/Dec/2014 22:45:21] DEBUG [github.processing:181] Saving ETag: "ab921efbfece3a8f884ee6ed9e943af3"
[08/Dec/2014 22:45:21] DEBUG [github.processing:194] found new data
[08/Dec/2014 22:45:21] INFO [github.processing:72] pulls url: repos/jnewland/gsa-feeds/pulls?state=all
[08/Dec/2014 22:45:21] INFO [github.processing:154] Making GitHubRequest: repos/jnewland/gsa-feeds/pulls?state=all
[08/Dec/2014 22:45:21] DEBUG [github.processing:157] Checking cache
[08/Dec/2014 22:45:21] DEBUG [github.processing:161] Unknown API Request
[08/Dec/2014 22:45:22] DEBUG [github.processing:181] Saving ETag: "98f0c1b396a4e5d54f4d5fe561d54b44"
[08/Dec/2014 22:45:22] DEBUG [github.processing:194] found new data
[08/Dec/2014 22:45:22] INFO [github.processing:76] importing pull requests
[08/Dec/2014 22:45:22] INFO [github.processing:50] Getting id: jnewland/votigoto
[08/Dec/2014 22:45:22] INFO [github.processing:154] Making GitHubRequest: repos/jnewland/votigoto
[08/Dec/2014 22:45:22] DEBUG [github.processing:157] Checking cache
[08/Dec/2014 22:45:22] DEBUG [github.processing:161] Unknown API Request
[08/Dec/2014 22:45:22] DEBUG [github.processing:181] Saving ETag: "216f3839ab9edfeed24c4cc7ee14e731"
[08/Dec/2014 22:45:22] DEBUG [github.processing:194] found new data
[08/Dec/2014 22:45:22] INFO [github.processing:72] pulls url: repos/jnewland/votigoto/pulls?state=all
[08/Dec/2014 22:45:22] INFO [github.processing:154] Making GitHubRequest: repos/jnewland/votigoto/pulls?state=all
[08/Dec/2014 22:45:22] DEBUG [github.processing:157] Checking cache
[08/Dec/2014 22:45:22] DEBUG [github.processing:161] Unknown API Request
[08/Dec/2014 22:45:23] DEBUG [github.processing:181] Saving ETag: "98f0c1b396a4e5d54f4d5fe561d54b44"
[08/Dec/2014 22:45:23] DEBUG [github.processing:194] found new data
[08/Dec/2014 22:45:23] INFO [github.processing:76] importing pull requests
[08/Dec/2014 22:45:23] INFO [github.processing:50] Getting id: defunkt/mofo
